<?xml version="1.0" encoding="UTF-8"?>
<!-- Generated by org.testng.reporters.JUnitXMLReporter -->
<testsuite ignored="2" hostname="Uffffffffffoooooooooooo" failures="2" tests="6" name="Suraj_Test" time="58.539" errors="0" timestamp="2024-08-14T23:40:37 IST">
  <testcase classname="testCases.TC03_LoginDPT" name="Login_DAtadrivenTest" time="11.792"/>
  <testcase classname="testCases.TC03_LoginDPT" name="Login_DAtadrivenTest" time="11.462"/>
  <testcase classname="testCases.TC03_LoginDPT" name="Login_DAtadrivenTest" time="2.163"/>
  <testcase classname="testCases.TC03_LoginDPT" name="Login_DAtadrivenTest" time="11.47"/>
  <testcase classname="testCases.TC03_LoginDPT" name="Login_DAtadrivenTest" time="11.43">
    <failure type="java.lang.AssertionError" message="expected [true] but found [false]">
      <![CDATA[java.lang.AssertionError: expected [true] but found [false]
at testCases.TC03_LoginDPT.Login_DAtadrivenTest(TC03_LoginDPT.java:49)
at java.base/java.util.ArrayList.forEach(ArrayList.java:1511)
... Removed 29 stack frames]]>
    </failure>
  </testcase> <!-- Login_DAtadrivenTest -->
  <testcase classname="testCases.TC03_LoginDPT" name="Login_DAtadrivenTest" time="1.942">
    <failure type="java.lang.AssertionError" message="expected [true] but found [false]">
      <![CDATA[java.lang.AssertionError: expected [true] but found [false]
at testCases.TC03_LoginDPT.Login_DAtadrivenTest(TC03_LoginDPT.java:56)
at java.base/java.util.ArrayList.forEach(ArrayList.java:1511)
... Removed 29 stack frames]]>
    </failure>
  </testcase> <!-- Login_DAtadrivenTest -->
  <testcase classname="testCases.TC02_LoginPage" name="logintest" time="0.0">
    <ignored/>
  </testcase> <!-- logintest -->
  <testcase classname="testCases.TC01_Account_RegistrationTest" name="Account_registration" time="0.0">
    <ignored/>
  </testcase> <!-- Account_registration -->
</testsuite> <!-- Suraj_Test -->
