<?xml version="1.0" encoding="UTF-8"?>
<!-- Generated by org.testng.reporters.JUnitXMLReporter -->
<testsuite ignored="0" hostname="Uffffffffffoooooooooooo" failures="1" tests="1" name="chrome_testing" time="10.784" errors="0" timestamp="2024-08-07T13:44:57 IST">
  <testcase classname="testCases.TC01_Account_RegistrationTest" name="Account_registration" time="3.594">
    <failure type="java.lang.AssertionError" message="expected [true] but found [false]">
      <![CDATA[java.lang.AssertionError: expected [true] but found [false]
at testCases.TC01_Account_RegistrationTest.Account_registration(TC01_Account_RegistrationTest.java:40)
at java.base/java.util.ArrayList.forEach(ArrayList.java:1511)
at java.base/java.util.concurrent.FutureTask.run(FutureTask.java:264)
at java.base/java.util.concurrent.ThreadPoolExecutor.runWorker(ThreadPoolExecutor.java:1136)
at java.base/java.util.concurrent.ThreadPoolExecutor$Worker.run(ThreadPoolExecutor.java:635)
at java.base/java.lang.Thread.run(Thread.java:833)
... Removed 19 stack frames]]>
    </failure>
  </testcase> <!-- Account_registration -->
</testsuite> <!-- chrome_testing -->
